<?xml version="1.0" encoding="UTF-8"?>
<!-- Generated by org.testng.reporters.JUnitReportReporter -->
<testsuite hostname="LAPTOP-4PBM4I34" failures="0" tests="2" name="com.herokuapp.theinternet.PositiveTests" time="82.089" errors="0" timestamp="05 May 2021 04:03:09 GMT" skipped="0">
  <testcase classname="com.herokuapp.theinternet.PositiveTests" name="loginTest" time="42.751"/>
  <testcase classname="com.herokuapp.theinternet.PositiveTests" name="registrationTest" time="39.338"/>
</testsuite> <!-- com.herokuapp.theinternet.PositiveTests -->
